<?xml version="1.0" encoding="UTF-8"?>
<testsuite xmlns:xsi="http://www.w3.org/2001/XMLSchema-instance" xsi:noNamespaceSchemaLocation="https://maven.apache.org/surefire/maven-surefire-plugin/xsd/surefire-test-report-3.0.xsd" version="3.0" name="com.ccr.mvp.CcrMvpApplicationTests" time="38.203" tests="2" errors="0" skipped="0" failures="0">
  <properties>
[...]
</properties>
  <testcase name="testCreateCategory" classname="com.ccr.mvp.CcrMvpApplicationTests" time="0.226">
    <system-out><![CDATA[16:07:32.801 [main] INFO org.springframework.test.context.support.AnnotationConfigContextLoaderUtils -- Could not detect default configuration classes for test class [com.ccr.mvp.CcrMvpApplicationTests]: CcrMvpApplicationTests does not declare any static, non-private, non-final, nested classes annotated with @Configuration.
16:07:33.086 [main] INFO org.springframework.boot.test.context.SpringBootTestContextBootstrapper -- Found @SpringBootConfiguration com.ccr.mvp.CcrMvpApplication for test class com.ccr.mvp.CcrMvpApplicationTests

  .   ____          _            __ _ _
 /\\ / ___'_ __ _ _(_)_ __  __ _ \ \ \ \
( ( )\___ | '_ | '_| | '_ \/ _` | \ \ \ \
 \\/  ___)| |_)| | | | | || (_| |  ) ) ) )
  '  |____| .__|_| |_|_| |_\__, | / / / /
 =========|_|==============|___/=/_/_/_/
 :: Spring Boot ::                (v3.1.3)

2024-01-02T16:07:44.331+05:00  INFO 3880 --- [           main] com.ccr.mvp.CcrMvpApplicationTests       : Starting CcrMvpApplicationTests using Java 17.0.6 with PID 3880 (started by Yash Porlekar in C:\Users\Yash Porlekar\Git\finalccrmvp)
2024-01-02T16:07:44.334+05:00  INFO 3880 --- [           main] com.ccr.mvp.CcrMvpApplicationTests       : No active profile set, falling back to 1 default profile: "default"
2024-01-02T16:07:46.661+05:00  INFO 3880 --- [           main] .s.d.r.c.RepositoryConfigurationDelegate : Bootstrapping Spring Data JPA repositories in DEFAULT mode.
2024-01-02T16:07:46.875+05:00  INFO 3880 --- [           main] .s.d.r.c.RepositoryConfigurationDelegate : Finished Spring Data repository scanning in 194 ms. Found 13 JPA repository interfaces.
2024-01-02T16:07:48.343+05:00  INFO 3880 --- [           main] o.hibernate.jpa.internal.util.LogHelper  : HHH000204: Processing PersistenceUnitInfo [name: default]
2024-01-02T16:07:48.565+05:00  INFO 3880 --- [           main] org.hibernate.Version                    : HHH000412: Hibernate ORM core version 6.2.7.Final
2024-01-02T16:07:48.571+05:00  INFO 3880 --- [           main] org.hibernate.cfg.Environment            : HHH000406: Using bytecode reflection optimizer
2024-01-02T16:07:57.457+05:00  INFO 3880 --- [           main] o.h.b.i.BytecodeProviderInitiator        : HHH000021: Bytecode provider name : bytebuddy
2024-01-02T16:07:58.112+05:00  INFO 3880 --- [           main] o.s.o.j.p.SpringPersistenceUnitInfo      : No LoadTimeWeaver setup: ignoring JPA class transformer
2024-01-02T16:07:58.175+05:00  INFO 3880 --- [           main] com.zaxxer.hikari.HikariDataSource       : HikariPool-1 - Starting...
2024-01-02T16:07:59.195+05:00  INFO 3880 --- [           main] com.zaxxer.hikari.pool.HikariPool        : HikariPool-1 - Added connection org.postgresql.jdbc.PgConnection@497f0cb2
2024-01-02T16:07:59.200+05:00  INFO 3880 --- [           main] com.zaxxer.hikari.HikariDataSource       : HikariPool-1 - Start completed.
2024-01-02T16:08:01.344+05:00  INFO 3880 --- [           main] o.h.b.i.BytecodeProviderInitiator        : HHH000021: Bytecode provider name : bytebuddy
2024-01-02T16:08:03.367+05:00  INFO 3880 --- [           main] o.h.e.t.j.p.i.JtaPlatformInitiator       : HHH000490: Using JtaPlatform implementation: [org.hibernate.engine.transaction.jta.platform.internal.NoJtaPlatform]
Hibernate: alter table if exists calculated_score alter column interview_score set data type float(53)
Hibernate: alter table if exists candidate alter column candidate_avg_score set data type float(53)
Hibernate: alter table if exists candidate alter column otp_expiration set data type timestamp(6)
Hibernate: alter table if exists category alter column category_weightage set data type float(53)
Hibernate: alter table if exists category alter column updated_at set data type timestamp(6)
Hibernate: alter table if exists comment alter column updated_at set data type timestamp(6)
Hibernate: alter table if exists images alter column data set data type oid
Hibernate: alter table if exists previous_data_of_company alter column interview_date set data type timestamp(6)
Hibernate: alter table if exists question alter column updated_at set data type timestamp(6)
Hibernate: alter table if exists question alter column weightage set data type float(53)
Hibernate: alter table if exists users alter column created_at set data type timestamp(6)
Hibernate: alter table if exists users alter column otp_expiration set data type timestamp(6)
Hibernate: alter table if exists users alter column updated_at set data type timestamp(6)
2024-01-02T16:08:04.191+05:00  INFO 3880 --- [           main] j.LocalContainerEntityManagerFactoryBean : Initialized JPA EntityManagerFactory for persistence unit 'default'
2024-01-02T16:08:05.522+05:00  INFO 3880 --- [           main] o.s.d.j.r.query.QueryEnhancerFactory     : Hibernate is in classpath; If applicable, HQL parser will be used.
2024-01-02T16:08:06.417+05:00  WARN 3880 --- [           main] JpaBaseConfiguration$JpaWebConfiguration : spring.jpa.open-in-view is enabled by default. Therefore, database queries may be performed during view rendering. Explicitly configure spring.jpa.open-in-view to disable this warning
2024-01-02T16:08:06.622+05:00  INFO 3880 --- [           main] o.s.s.web.DefaultSecurityFilterChain     : Will secure any request with [org.springframework.security.web.session.DisableEncodeUrlFilter@5a9703ab, org.springframework.security.web.context.request.async.WebAsyncManagerIntegrationFilter@1ad42bb3, org.springframework.security.web.context.SecurityContextHolderFilter@15752ae9, org.springframework.security.web.header.HeaderWriterFilter@30573e40, org.springframework.security.web.authentication.logout.LogoutFilter@4b6e75f1, com.ccr.mvp.filters.JwtAuthenticationFilter@2c823dbd, org.springframework.security.web.savedrequest.RequestCacheAwareFilter@1b70e1bb, org.springframework.security.web.servletapi.SecurityContextHolderAwareRequestFilter@11606071, org.springframework.security.web.authentication.AnonymousAuthenticationFilter@1f2c7599, org.springframework.security.web.session.SessionManagementFilter@64786ce4, org.springframework.security.web.access.ExceptionTranslationFilter@1aef53f, org.springframework.security.web.access.intercept.AuthorizationFilter@4380706a]
2024-01-02T16:08:07.822+05:00  INFO 3880 --- [           main] com.ccr.mvp.CcrMvpApplicationTests       : Started CcrMvpApplicationTests in 34.219 seconds (process running for 38.241)
Hibernate: select count(*) from users u1_0
]]></system-out>
  </testcase>
  <testcase name="contextLoads" classname="com.ccr.mvp.CcrMvpApplicationTests" time="0.022"/>
</testsuite>